VirtualBox XPCOM Server 5.2.4 r119785 linux.amd64 (Dec 19 2017 08:59:18) release log
00:00:00.003123 main     Log opened 2019-02-21T19:15:37.608465000Z
00:00:00.003125 main     Build Type: release
00:00:00.003131 main     OS Product: Linux
00:00:00.003133 main     OS Release: 4.9.0-8-amd64
00:00:00.003135 main     OS Version: #1 SMP Debian 4.9.130-2 (2018-10-27)
00:00:00.003167 main     DMI Product Name: HP Compaq dx7300 Microtower
00:00:00.003180 main     DMI Product Version: 
00:00:00.003252 main     Host RAM: 1980MB total, 1835MB available
00:00:00.003258 main     Executable: /usr/lib/virtualbox/VBoxSVC
00:00:00.003259 main     Process ID: 26407
00:00:00.003260 main     Package type: LINUX_64BITS_DEBIAN_9_0
00:00:00.005385 main     IPC socket path: /tmp/.vbox-student-ipc/ipcd
00:00:00.171747 nspr-2   VirtualBox: object creation starts
00:00:00.181252 nspr-2   Home directory: '/home/student/.config/VirtualBox'
00:00:00.215997 nspr-2   Successfully initialised host USB using sysfs
00:00:00.257041 nspr-2   NAT: resolv.conf: nameserver 193.226.12.13
00:00:00.257065 nspr-2   NAT: resolv.conf: nameserver 193.226.12.3
00:00:00.257079 nspr-2   NAT: resolv.conf: nameserver 193.226.8.201
00:00:00.257110 nspr-2   HostDnsMonitor: old information
00:00:00.257121 nspr-2     no server entries
00:00:00.257131 nspr-2     no domain set
00:00:00.257140 nspr-2     no search string entries
00:00:00.257149 nspr-2   HostDnsMonitor: new information
00:00:00.257158 nspr-2     server 1: 193.226.12.13
00:00:00.257168 nspr-2     server 2: 193.226.12.3
00:00:00.257177 nspr-2     server 3: 193.226.8.201
00:00:00.257187 nspr-2     domain: localdomain
00:00:00.257196 nspr-2     search string 1: localdomain
00:00:00.257212 nspr-2   HostDnsMonitorProxy::notify
00:00:00.316588 nspr-2   HostPowerServiceLinux: DBus connection Error (Failed to connect to socket /var/run/dbus/system_bus_socket: No such file or directory)
00:00:00.316710 nspr-2   Failed to open "/dev/vboxdrvu", errno=13, rc=VERR_VM_DRIVER_NOT_ACCESSIBLE
00:00:00.439098 nspr-2   VD: VDInit finished with VINF_SUCCESS
00:00:00.506367 nspr-2   VirtualBox: object created
00:00:00.610492 nspr-2   Loading settings file "/home/vbox/SEEDUbuntu/SEEDUbuntu.vbox" with version "1.15-linux"
00:00:00.618352 nspr-2   Saving settings file "/home/student/.config/VirtualBox/VirtualBox.xml" with version "1.12-linux"
00:00:06.857187 main     VirtualBox: object deletion starts
00:00:06.857269 main     ERROR [COM]: aRC=VBOX_E_OBJECT_IN_USE (0x80bb000c) aIID={4afe423b-43e0-e9d0-82e8-ceb307940dda} aComponent={MediumWrap} aText={Medium '/home/vbox/SEEDUbuntu/SEEDUbuntu12.04.vmdk' cannot be closed because it is still attached to 1 virtual machines}, preserve=false aResultDetail=0
00:00:06.884124 main     {00007f7d48013670} HostPowerServiceLinux::~HostPowerServiceLinux: RTThreadWait() for 5000 ms failed with VERR_INVALID_HANDLE
00:00:06.884292 Watcher  ERROR [COM]: aRC=E_ACCESSDENIED (0x80070005) aIID={9570b9d5-f1a1-448a-10c5-e12f5285adad} aComponent={VirtualBoxWrap} aText={The object is not ready}, preserve=false aResultDetail=0
00:00:06.884478 main     VirtualBox: object deleted
